[    0.000000] Linux version 4.15.0-91-generic (buildd@lgw01-amd64-013) (gcc version 7.4.0 (Ubuntu 7.4.0-1ubuntu1~18.04.1)) #92-Ubuntu SMP Fri Feb 28 11:09:48 UTC 2020 (Ubuntu 4.15.0-91.92-generic 4.15.18)
[    0.000000] Command line: BOOT_IMAGE=/boot/vmlinuz-4.15.0-91-generic root=LABEL=cloudimg-rootfs ro console=tty1 console=ttyS0
[    0.000000] KERNEL supported cpus:
[    0.000000]   Intel GenuineIntel
[    0.000000]   AMD AuthenticAMD
[    0.000000]   Centaur CentaurHauls
[    0.000000] x86/fpu: Supporting XSAVE feature 0x001: 'x87 floating point registers'
[    0.000000] x86/fpu: Supporting XSAVE feature 0x002: 'SSE registers'
[    0.000000] x86/fpu: Supporting XSAVE feature 0x004: 'AVX registers'
[    0.000000] x86/fpu: xstate_offset[2]:  576, xstate_sizes[2]:  256
[    0.000000] x86/fpu: Enabled xstate features 0x7, context size is 832 bytes, using 'standard' format.
[    0.000000] e820: BIOS-provided physical RAM map:
[    0.000000] BIOS-e820: [mem 0x0000000000000000-0x000000000009fbff] usable
[    0.000000] BIOS-e820: [mem 0x000000000009fc00-0x000000000009ffff] reserved
[    0.000000] BIOS-e820: [mem 0x00000000000f0000-0x00000000000fffff] reserved
[    0.000000] BIOS-e820: [mem 0x0000000000100000-0x000000003ffeffff] usable
[    0.000000] BIOS-e820: [mem 0x000000003fff0000-0x000000003fffffff] ACPI data
[    0.000000] BIOS-e820: [mem 0x00000000fec00000-0x00000000fec00fff] reserved
[    0.000000] BIOS-e820: [mem 0x00000000fee00000-0x00000000fee00fff] reserved
[    0.000000] BIOS-e820: [mem 0x00000000fffc0000-0x00000000ffffffff] reserved
[    0.000000] NX (Execute Disable) protection: active
[    0.000000] SMBIOS 2.5 present.
[    0.000000] DMI: innotek GmbH VirtualBox/VirtualBox, BIOS VirtualBox 12/01/2006
[    0.000000] Hypervisor detected: KVM
[    0.000000] e820: last_pfn = 0x3fff0 max_arch_pfn = 0x400000000
[    0.000000] MTRR: Disabled
[    0.000000] x86/PAT: MTRRs disabled, skipping PAT initialization too.
[    0.000000] CPU MTRRs all blank - virtualized system.
[    0.000000] x86/PAT: Configuration [0-7]: WB  WT  UC- UC  WB  WT  UC- UC  
[    0.000000] found SMP MP-table at [mem 0x0009fff0-0x0009ffff]
[    0.000000] Scanning 1 areas for low memory corruption
[    0.000000] RAMDISK: [mem 0x35a6b000-0x36d2cfff]
[    0.000000] ACPI: Early table checksum verification disabled
[    0.000000] ACPI: RSDP 0x00000000000E0000 000024 (v02 VBOX  )
[    0.000000] ACPI: XSDT 0x000000003FFF0030 00003C (v01 VBOX   VBOXXSDT 00000001 ASL  00000061)
[    0.000000] ACPI: FACP 0x000000003FFF00F0 0000F4 (v04 VBOX   VBOXFACP 00000001 ASL  00000061)
[    0.000000] ACPI: DSDT 0x000000003FFF0470 0021FF (v02 VBOX   VBOXBIOS 00000002 INTL 20180105)
[    0.000000] ACPI: FACS 0x000000003FFF0200 000040
[    0.000000] ACPI: FACS 0x000000003FFF0200 000040
[    0.000000] ACPI: APIC 0x000000003FFF0240 00005C (v02 VBOX   VBOXAPIC 00000001 ASL  00000061)
[    0.000000] ACPI: SSDT 0x000000003FFF02A0 0001CC (v01 VBOX   VBOXCPUT 00000002 INTL 20180105)
[    0.000000] No NUMA configuration found
[    0.000000] Faking a node at [mem 0x0000000000000000-0x000000003ffeffff]
[    0.000000] NODE_DATA(0) allocated [mem 0x3ffc5000-0x3ffeffff]
[    0.000000] kvm-clock: cpu 0, msr 0:3ff44001, primary cpu clock
[    0.000000] kvm-clock: Using msrs 4b564d01 and 4b564d00
[    0.000000] kvm-clock: using sched offset of 3614906198 cycles
[    0.000000] clocksource: kvm-clock: mask: 0xffffffffffffffff max_cycles: 0x1cd42e4dffb, max_idle_ns: 881590591483 ns
[    0.000000] Zone ranges:
[    0.000000]   DMA      [mem 0x0000000000001000-0x0000000000ffffff]
[    0.000000]   DMA32    [mem 0x0000000001000000-0x000000003ffeffff]
[    0.000000]   Normal   empty
[    0.000000]   Device   empty
[    0.000000] Movable zone start for each node
[    0.000000] Early memory node ranges
[    0.000000]   node   0: [mem 0x0000000000001000-0x000000000009efff]
[    0.000000]   node   0: [mem 0x0000000000100000-0x000000003ffeffff]
[    0.000000] Reserved but unavailable: 98 pages
[    0.000000] Initmem setup node 0 [mem 0x0000000000001000-0x000000003ffeffff]
[    0.000000] ACPI: PM-Timer IO Port: 0x4008
[    0.000000] IOAPIC[0]: apic_id 2, version 32, address 0xfec00000, GSI 0-23
[    0.000000] ACPI: INT_SRC_OVR (bus 0 bus_irq 0 global_irq 2 dfl dfl)
[    0.000000] ACPI: INT_SRC_OVR (bus 0 bus_irq 9 global_irq 9 low level)
[    0.000000] Using ACPI (MADT) for SMP configuration information
[    0.000000] smpboot: Allowing 2 CPUs, 0 hotplug CPUs
[    0.000000] PM: Registered nosave memory: [mem 0x00000000-0x00000fff]
[    0.000000] PM: Registered nosave memory: [mem 0x0009f000-0x0009ffff]
[    0.000000] PM: Registered nosave memory: [mem 0x000a0000-0x000effff]
[    0.000000] PM: Registered nosave memory: [mem 0x000f0000-0x000fffff]
[    0.000000] e820: [mem 0x40000000-0xfebfffff] available for PCI devices
[    0.000000] Booting paravirtualized kernel on KVM
[    0.000000] clocksource: refined-jiffies: mask: 0xffffffff max_cycles: 0xffffffff, max_idle_ns: 7645519600211568 ns
[    0.000000] random: get_random_bytes called from start_kernel+0x99/0x4fd with crng_init=0
[    0.000000] setup_percpu: NR_CPUS:8192 nr_cpumask_bits:2 nr_cpu_ids:2 nr_node_ids:1
[    0.000000] percpu: Embedded 45 pages/cpu s147456 r8192 d28672 u1048576
[    0.000000] PV qspinlock hash table entries: 256 (order: 0, 4096 bytes)
[    0.000000] Built 1 zonelists, mobility grouping on.  Total pages: 257913
[    0.000000] Policy zone: DMA32
[    0.000000] Kernel command line: BOOT_IMAGE=/boot/vmlinuz-4.15.0-91-generic root=LABEL=cloudimg-rootfs ro console=tty1 console=ttyS0
[    0.000000] Memory: 983060K/1048120K available (12300K kernel code, 2481K rwdata, 4264K rodata, 2432K init, 2712K bss, 65060K reserved, 0K cma-reserved)
[    0.000000] SLUB: HWalign=64, Order=0-3, MinObjects=0, CPUs=2, Nodes=1
[    0.000000] Kernel/User page tables isolation: enabled
[    0.000000] ftrace: allocating 39347 entries in 154 pages
[    0.004000] Hierarchical RCU implementation.
[    0.004000] 	RCU restricting CPUs from NR_CPUS=8192 to nr_cpu_ids=2.
[    0.004000] 	Tasks RCU enabled.
[    0.004000] RCU: Adjusting geometry for rcu_fanout_leaf=16, nr_cpu_ids=2
[    0.004000] NR_IRQS: 524544, nr_irqs: 440, preallocated irqs: 16
[    0.004000] Console: colour VGA+ 80x25
[    0.004000] console [tty1] enabled
[    0.004000] console [ttyS0] enabled
[    0.004000] ACPI: Core revision 20170831
[    0.004000] ACPI: 2 ACPI AML tables successfully acquired and loaded
[    0.004000] APIC: Switch to symmetric I/O mode setup
[    0.004000] x2apic enabled
[    0.004000] Switched APIC routing to physical x2apic.
[    0.004000] ..TIMER: vector=0x30 apic1=0 pin1=2 apic2=-1 pin2=-1
[    0.004000] tsc: Detected 3600.530 MHz processor
[    0.004018] Calibrating delay loop (skipped) preset value.. 7201.06 BogoMIPS (lpj=14402120)
[    0.005289] pid_max: default: 32768 minimum: 301
[   0.005877] Security Framework initialized
[    0.008014] Yama: becoming mindful.
[    0.008596] AppArmor: AppArmor initialized
[    0.010020] Dentry cache hash table entries: 131072 (order: 8, 1048576 bytes)
[    0.012094] Inode-cache hash table entries: 65536 (order: 7, 524288 bytes)
[    0.013181] Mount-cache hash table entries: 2048 (order: 2, 16384 bytes)
[    0.016008] Mountpoint-cache hash table entries: 2048 (order: 2, 16384 bytes)
[    0.017349] Last level iTLB entries: 4KB 64, 2MB 8, 4MB 8
[    0.018228] Last level dTLB entries: 4KB 64, 2MB 0, 4MB 0, 1GB 4
[    0.019055] Spectre V1 : Mitigation: usercopy/swapgs barriers and __user pointer sanitization
[    0.020003] Spectre V2 : Mitigation: Full generic retpoline
[    0.020771] Spectre V2 : Spectre v2 / SpectreRSB mitigation: Filling RSB on context switch
[    0.021936] Speculative Store Bypass: Vulnerable
[    0.022605] MDS: Mitigation: Clear CPU buffers
[    0.023394] Freeing SMP alternatives memory: 36K
[    0.134651] smpboot: CPU0: Intel(R) Core(TM) i7-7700 CPU @ 3.60GHz (family: 0x6, model: 0x9e, stepping: 0x9)
[    0.136000] Performance Events: unsupported p6 CPU model 158 no PMU driver, software events only.
[    0.136000] Hierarchical SRCU implementation.
[    0.136000] NMI watchdog: Perf event create on CPU 0 failed with -2
[    0.136001] NMI watchdog: Perf NMI watchdog permanently disabled
[    0.136899] smp: Bringing up secondary CPUs ...
[    0.137678] x86: Booting SMP configuration:
[    0.138261] .... node  #0, CPUs:      #1
[    0.004000] kvm-clock: cpu 1, msr 0:3ff44041, secondary cpu clock
[    0.140015] smp: Brought up 1 node, 2 CPUs
[    0.140586] smpboot: Max logical packages: 1
[    0.141178] smpboot: Total of 2 processors activated (14402.12 BogoMIPS)
[    0.142210] devtmpfs: initialized
[    0.144042] x86/mm: Memory block size: 128MB
[    0.144740] evm: security.selinux
[    0.145315] evm: security.SMACK64
[    0.145788] evm: security.SMACK64EXEC
[    0.146312] evm: security.SMACK64TRANSMUTE
[    0.146917] evm: security.SMACK64MMAP
[    0.147439] evm: security.apparmor
[    0.148001] evm: security.ima
[    0.148434] evm: security.capability
[    0.148966] clocksource: jiffies: mask: 0xffffffff max_cycles: 0xffffffff, max_idle_ns: 7645041785100000 ns
[    0.149359] futex hash table entries: 512 (order: 3, 32768 bytes)
[    0.150714] pinctrl core: initialized pinctrl subsystem
[    0.152076] RTC time: 16:14:32, date: 03/30/20
[    0.152838] NET: Registered protocol family 16
[    0.153509] audit: initializing netlink subsys (disabled)
[    0.154353] audit: type=2000 audit(1585584877.087:1): state=initialized audit_enabled=0 res=1
[    0.156020] cpuidle: using governor ladder
[    0.156608] cpuidle: using governor menu
[    0.157181] ACPI: bus type PCI registered
[    0.157746] acpiphp: ACPI Hot Plug PCI Controller Driver version: 0.5
[    0.160065] PCI: Using configuration type 1 for base access
[    0.160938] HugeTLB registered 2.00 MiB page size, pre-allocated 0 pages
[    0.160938] ACPI: Added _OSI(Module Device)
[    0.164004] ACPI: Added _OSI(Processor Device)
[    0.165717] ACPI: Added _OSI(3.0 _SCP Extensions)
[    0.166388] ACPI: Added _OSI(Processor Aggregator Device)
[    0.167121] ACPI: Added _OSI(Linux-Dell-Video)
[    0.167762] ACPI: Added _OSI(Linux-Lenovo-NV-HDMI-Audio)
[    0.168002] ACPI: Added _OSI(Linux-HPI-Hybrid-Graphics)
[    0.168902] ACPI: Executed 1 blocks of module-level executable AML code
[    0.172695] ACPI: Interpreter enabled
[    0.173231] ACPI: (supports S0 S5)
[    0.173730] ACPI: Using IOAPIC for interrupt routing
[    0.174627] PCI: Using host bridge windows from ACPI; if necessary, use "pci=nocrs" and report a bug
[    0.175939] ACPI: Enabled 2 GPEs in block 00 to 07
[    0.180208] ACPI: PCI Root Bridge [PCI0] (domain 0000 [bus 00-ff])
[    0.181045] acpi PNP0A03:00: _OSC: OS supports [ASPM ClockPM Segments MSI]
[    0.182903] acpi PNP0A03:00: _OSC: not requesting OS control; OS requires [ExtendedConfig ASPM ClockPM MSI]
[    0.184016] acpi PNP0A03:00: fail to add MMCONFIG information, can't access extended PCI configuration space under this bridge.
[    0.185738] PCI host bridge to bus 0000:00
[    0.188003] pci_bus 0000:00: root bus resource [io  0x0000-0x0cf7 window]
[    0.188953] pci_bus 0000:00: root bus resource [io  0x0d00-0xffff window]
[    0.189893] pci_bus 0000:00: root bus resource [mem 0x000a0000-0x000bffff window]
[    0.190902] pci_bus 0000:00: root bus resource [mem 0x40000000-0xfdffffff window]
[    0.192002] pci_bus 0000:00: root bus resource [bus 00-ff]
[    0.194009] pci 0000:00:01.1: legacy IDE quirk: reg 0x10: [io  0x01f0-0x01f7]
[    0.194986] pci 0000:00:01.1: legacy IDE quirk: reg 0x14: [io  0x03f6]
[    0.195843] pci 0000:00:01.1: legacy IDE quirk: reg 0x18: [io  0x0170-0x0177]
[    0.196002] pci 0000:00:01.1: legacy IDE quirk: reg 0x1c: [io  0x0376]
[    0.206943] pci 0000:00:07.0: quirk: [io  0x4000-0x403f] claimed by PIIX4 ACPI
[    0.207985] pci 0000:00:07.0: quirk: [io  0x4100-0x410f] claimed by PIIX4 SMB
[    0.214086] ACPI: PCI Interrupt Link [LNKA] (IRQs 5 9 10 *11)
[    0.215125] ACPI: PCI Interrupt Link [LNKB] (IRQs 5 9 *10 11)
[    0.215999] ACPI: PCI Interrupt Link [LNKC] (IRQs 5 *9 10 11)
[    0.216077] ACPI: PCI Interrupt Link [LNKD] (IRQs 5 9 10 *11)
[    0.217154] SCSI subsystem initialized
[    0.217723] pci 0000:00:02.0: vgaarb: setting as boot VGA device
[    0.217723] pci 0000:00:02.0: vgaarb: VGA device added: decodes=io+mem,owns=io+mem,locks=none
[    0.220024] pci 0000:00:02.0: vgaarb: bridge control possible
[    0.220826] vgaarb: loaded
[    0.221313] ACPI: bus type USB registered
[    0.221974] usbcore: registered new interface driver usbfs
[    0.222766] usbcore: registered new interface driver hub
[    0.223521] usbcore: registered new device driver usb
[    0.224070] EDAC MC: Ver: 3.0.0
[    0.224686] PCI: Using ACPI for IRQ routing
[    0.224885] NetLabel: Initializing
[    0.225391] NetLabel:  domain hash size = 128
[    0.228009] NetLabel:  protocols = UNLABELED CIPSOv4 CALIPSO
[    0.228688] NetLabel:  unlabeled traffic allowed by default
[    0.229320] clocksource: Switched to clocksource kvm-clock
[    0.237071] VFS: Disk quotas dquot_6.6.0
  0.606]VF Duo-cheastae trs:12orr 0, 4096 bytes)
  0.05] ppmo: pAmor Filesystem Enabled
[    1.241559] pnp: PnP ACPI init
[    1.243263] pnp: PnP ACPI: found 3 devices
[  158629] clocksource: acpi_pm: mak: 0ffffaxycs:0xff, x_les:08701024 ns
[    1.861286] NET: Registered protocol family 2
[    2916]CPstliedastae ntes81 (de 4656 te)
[    2.82426 T bd shab eri: 92orr:, 10 bes)
[    3.448002] TCP: Ha tlecoigedesblhe812 bind19
[    3.907279] UDP hash table entries: 512 (order: 2, 16384 bytes)
[    4.160419] UDP-Lite hash table entries: 512 (order: 2, 16384 bytes)
[    4.161145] NET: Registered protocol family 1
[    4.161694] pci 0000:00:00.0: Limiting direct PCI/PCI transfers
[    4.162344] pci 0000:00:01.0: Activating ISA DMA hang workarounds
[    4.163030] pci 0000:00:02.0: Video device with shadowed ROM at [mem 0x000c0000-0x000dffff]
[   3257Unckg itmf..
[    4.892643] Freeing initrd memory: 19208K
[    4.898501] clocksource: tsc: mask: 0xffffffffffffffff max_cycles: 0x33e64801afb, max_idle_ns: 440795340016 ns
[    4.899600] platform rtc_cmos: registered platform RTC device (no PNP device found)
[    4.900483] Scanning for low memory corruption every 60 seconds
[    4.901661] Initialise system trusted keyrings
[    4.902184] Key type blacklist registered
[    4.902707] workingset: timestamp_bits=36 max_order=18 bucket_order=0
[    4.904103] zbud: loaded
[    4.904792] squashfs: version 4.0 (2009/01/31) Phillip Lougher
[    4.905608] fuse init (API version 7.26)
[    4.907820] Key type asymmetric registered
[    4.908315] Asymmetric key parser 'x509' registered
[    4.908882] Block layer SCSI generic (bsg) driver version 0.4 loaded (major 246)
[    4.909803] io scheduler noop registered
[    4.910266] io scheduler deadline registered
[    4.910766] io scheduler cfq registered (default)
[    4.911489] ACPI: AC Adapter [AC] (on-line)
[    4.912010] input: Power Button as /devices/LNXSYSTM:00/LNXPWRBN:00/input/input0
[    4.912894] ACPI: Power Button [PWRF]
[    4.913378] input: Sleep Button as /devices/LNXSYSTM:00/LNXSLPBN:00/input/input1
[    4.914245] ACPI: Sleep Button [SLPF]
[    4.914913] Serial: 8250/16550 driver, 32 ports, IRQ sharing enabled
[    4.937024] 00:02: ttyS0 at I/O 0x3f8 (irq = 4, base_baud = 115200) is a 16550A
[    4.960174] Linux agpgart interface v0.103
[    4.962323] loop: module loaded
[    4.963109] scsi host0: ata_piix
[    4.963672] scsi host1: ata_piix
[    4.964101] ata1: PATA max UDMA/33 cmd 0x1f0 ctl 0x3f6 bmdma 0xd000 irq 14
[    4.964841] ata2: PATA max UDMA/33 cmd 0x170 ctl 0x376 bmdma 0xd008 irq 15
[    4.965687] libphy: Fixed MDIO Bus: probed
[    4.966230] tun: Universal TUN/TAP device driver, 1.6
[    4.966833] PPP generic driver version 2.4.2
[    4.967396] ehci_hcd: USB 2.0 'Enhanced' Host Controller (EHCI) Driver
[    4.968122] ehci-pci: EHCI PCI platform driver
[    4.968663] ehci-platform: EHCI generic platform driver
[    4.969261] ohci_hcd: USB 1.1 'Open' Host Controller (OHCI) Driver
[    4.969987] ohci-pci: OHCI PCI platform driver
[    4.970514] ohci-platform: OHCI generic platform driver
[    4.971097] uhci_hcd: USB Universal Host Controller Interface driver
[    4.971816] i8042: PNP: PS/2 Controller [PNP0303:PS2K,PNP0f03:PS2M] at 0x60,0x64 irq 1,12
[    4.973116] serio: i8042 KBD port at 0x60,0x64 irq 1
[    4.973732] serio: i8042 AUX port at 0x60,0x64 irq 12
[    4.974344] mousedev: PS/2 mouse device common for all mice
[    4.975119] input: AT Translated Set 2 keyboard as /devices/platform/i8042/serio0/input/input2
[    4.976353] rtc_cmos rtc_cmos: rtc core: registered rtc_cmos as rtc0
[    4.977079] rtc_cmos rtc_cmos: alarms up to one day, 114 bytes nvram
[    4.977809] i2c /dev entries driver
[    4.978264] device-mapper: uevent: version 1.0.3
[    4.978833] device-mapper: ioctl: 4.37.0-ioctl (2017-09-20) initialised: dm-devel@redhat.com
[    4.979801] ledtrig-cpu: registered to indicate activity on CPUs
[    4.980825] NET: Registered protocol family 10
[    4.983840] Segment Routing with IPv6
[    4.984345] NET: Registered protocol family 17
[    4.984885] Key type dns_resolver registered
[    4.985529] mce: Using 0 MCE banks
[    4.985954] RAS: Correctable Errors collector initialized.
[    4.986569] sched_clock: Marking stable (4985485467, 0)->(5541004527, -555519060)
[    4.987648] registered taskstats version 1
[    4.988136] Loading compiled-in X.509 certificates
[    4.990239] Loaded X.509 cert 'Build time autogenerated kernel key: d019e8c5f4cbc828f6af43369f65a014a3a68371'
[    4.991323] zswap: loaded using pool lzo/zbud
[    4.994240] Key type big_key registered
[    4.994708] Key type trusted registered
[    4.996213] Key type encrypted registered
[    4.996697] AppArmor: AppArmor sha1 policy hashing enabled
[    4.997303] ima: No TPM chip found, activating TPM-bypass! (rc=-19)
[    4.997994] ima: Allocated hash algorithm: sha1
[    4.998513] evm: HMAC attrs: 0x1
[    4.999096]   Magic number: 12:102:238
[    4.999608] rtc_cmos rtc_cmos: setting system clock to 2020-03-30 16:14:37 UTC (1585584877)
[    5.000615] BIOS EDD facility v0.16 2004-Jun-25, 0 devices found
[    5.001282] EDD information not available.
[    5.136025] Freeing unused kernel image memory: 2432K
[    5.464193] Write protecting the kernel read-only data: 20480k
[    5.559582] Freeing unused kernel image memory: 2008K
[    5.560580] Freeing unused kernel image memory: 1880K
[    5.571686] x86/mm: Checked W+X mappings: passed, no W+X pages found.
[    6.158629] x86/mm: Checking user space page tables
[    6.613649] x86/mm: Checked W+X mappings: passed, no W+X pages found.
Loading, please wait...
starting version 237
[    6.663779] e1000: Intel(R) PRO/1000 Network Driver - version 7.3.21-k8-NAPI
[    7.108440] e1000: Copyright (c) 1999-2006 Intel Corporation.
[    7.222735] Fusion MPT base driver 3.04.20
[    7.223249] Copyright (c) 1999-2008 LSI Corporation
[    7.321881] AVX2 version of gcm_enc/dec engaged.
[    7.338539] AES CTR mode by8 optimization enabled
[    7.341027] Fusion MPT SPI Host driver 3.04.20
[    7.424960] input: ImExPS/2 Generic Explorer Mouse as /devices/platform/i8042/serio1/input/input4
[    7.647093] e1000 0000:00:03.0 eth0: (PCI:33MHz:32-bit) 02:39:67:45:9c:e6
[    7.668756] e1000 0000:00:03.0 eth0: Intel(R) PRO/1000 Network Connection
[    7.670576] mptbase: ioc0: Initiating bringup
[    7.765033] ioc0: LSI53C1030 A0: Capabilities={Initiator}
[    8.029513] scsi host2: ioc0: LSI53C1030 A0, FwRev=00000000h, Ports=1, MaxQ=256, IRQ=20
[    8.217332] scsi 2:0:0:0: Direct-Access     VBOX     HARDDISK         1.0  PQ: 0 ANSI: 5
[    8.247815] scsi target2:0:0: Beginning Domain Validation
[    8.249688] scsi target2:0:0: Domain Validation skipping write tests
[    8.250940] scsi target2:0:0: Ending Domain Validation
[    8.251999] scsi target2:0:0: asynchronous
[    8.274189] scsi 2:0:1:0: Direct-Access     VBOX     HARDDISK         1.0  PQ: 0 ANSI: 5
[    8.307723] scsi target2:0:1: Beginning Domain Validation
[    8.329066] random: fast init done
[    8.329715] scsi target2:0:1: Domain Validation skipping write tests
[    8.331539] scsi target2:0:1: Ending Domain Validation
[    8.332215] scsi target2:0:1: asynchronous
[    8.336393] random: systemd-udevd: uninitialized urandom read (16 bytes read)
[    8.337307] random: systemd-udevd: uninitialized urandom read (16 bytes read)
[    8.338142] random: systemd-udevd: uninitialized urandom read (16 bytes read)
[    8.339129] sd 2:0:0:0: [sda] 20971520 512-byte logical blocks: (10.7 GB/10.0 GiB)
[    8.340064] sd 2:0:0:0: [sda] Write Protect is off
[    8.340724] sd 2:0:0:0: [sda] Incomplete mode parameter data
[    8.341368] sd 2:0:0:0: [sda] Assuming drive cache: write through
[    8.342525] sd 2:0:0:0: Attached scsi generic sg0 type 0
[    8.343186]  sda: sda1
[    8.343792] sd 2:0:0:0: [sda] Attached SCSI disk
[    8.344669] sd 2:0:1:0: Attached scsi generic sg1 type 0
[    8.345337] sd 2:0:1:0: [sdb] 20480 512-byte logical blocks: (10.5 MB/10.0 MiB)
[    8.346218] sd 2:0:1:0: [sdb] Write Protect is off
[    8.346919] sd 2:0:1:0: [sdb] Incomplete mode parameter data
[    8.347574] sd 2:0:1:0: [sdb] Assuming drive cache: write through
[    8.350053] sd 2:0:1:0: [sdb] Attached SCSI disk
[    8.571021] e1000 0000:00:08.0 eth1: (PCI:33MHz:32-bit) 08:00:27:9e:f1:e0
[    8.699408] e1000 0000:00:08.0 eth1: Intel(R) PRO/1000 Network Connection
[    8.818535] e1000 0000:00:08.0 enp0s8: renamed from eth1
[    8.868422] e1000 0000:00:03.0 enp0s3: renamed from eth0
Begin: Loading essential drivers ... [   10.277103] raid6: sse2x1   gen() 17122 MB/s
[   10.557010] raid6: sse2x1   xor() 12192 MB/s
[   10.647058] raid6: sse2x2   gen() 14737 MB/s
[   10.747014] raid6: sse2x2   xor()  9960 MB/s
[   10.826934] raid6: sse2x4   gen() 15324 MB/s
[   10.896902] raid6: sse2x4   xor() 10148 MB/s
[   10.944703] raid6: avx2x1   gen() 21065 MB/s
[   11.216786] raid6: avx2x1   xor() 20782 MB/s
[   11.266749] raid6: avx2x2   gen() 29395 MB/s
[   11.315344] raid6: avx2x2   xor() 22647 MB/s
[   11.360400] raid6: avx2x4   gen() 40042 MB/s
[   11.408293] raid6: avx2x4   xor() 22373 MB/s
[   11.408944] raid6: using algorithm avx2x4 gen() 40042 MB/s
[   11.409694] raid6: .... xor() 22373 MB/s, rmw enabled
[   11.616856] raid6: using avx2x2 recovery algorithm
[   11.618887] xor: automatically using best checksumming function   avx       
[   11.633033] async_tx: api initialized (async)
done.
Begin: Running /scripts/init-premount ... done.
Begin: Mounting root file system ... Begin: Running /scripts/local-top ... done.
Begin: Running /scripts/local-premount ... [   11.700352] Btrfs loaded, crc32c=crc32c-intel
Scanning for Btrfs filesystems
done.
Warning: fsck not present, so skipping root file system
[   11.815208] EXT4-fs (sda1): mounted filesystem with ordered data mode. Opts: (null)
done.
Begin: Running /scripts/local-bottom ... done.
Begin: Running /scripts/init-bottom ... done.
[   12.050664] ip_tables: (C) 2000-2006 Netfilter Core Team
[   12.069769] systemd[1]: systemd 237 running in system mode. (+PAM +AUDIT +SELINUX +IMA +APPARMOR +SMACK +SYSVINIT +UTMP +LIBCRYPTSETUP +GCRYPT +GNUTLS +ACL +XZ +LZ4 +SECCOMP +BLKID +ELFUTILS +KMOD -IDN2 +IDN -PCRE2 default-hierarchy=hybrid)
[   12.655995] systemd[1]: Detected virtualization oracle.
[   12.666922] systemd[1]: Detected architecture x86-64.

Welcome to [1mUbuntu 18.04.4 LTS[0m!

[   12.671478] systemd[1]: Set hostname to <ubuntu>.
[   12.681215] systemd[1]: Initializing machine ID from random generator.
[   12.788028] systemd[1]: Installed transient /etc/machine-id file.
[   13.964727] systemd[1]: Created slice System Slice.
[[0;32m  OK  [0m] Created slice System Slice.
[   13.966358] systemd[1]: Created slice system-serial\x2dgetty.slice.
[[0;32m  OK  [0m] Created slice system-serial\x2dgetty.slice.
[   13.969894] systemd[1]: Listening on /dev/initctl Compatibility Named Pipe.
[[0;32m  OK  [0m] Listening on /dev/initctl Compatibility Named Pipe.
[   14.082811] systemd[1]: Set up automount Arbitrary Executable File Formats File System Automount Point.
[[0;32m  OK  [0m] Set up automount Arbitrary Executab…rmats File System Automount Point.
[[0;32m  OK  [0m] Listening on LVM2 poll daemon socket.
[[0;32m  OK  [0m] Listening on Device-mapper event daemon FIFOs.
[[0;32m  OK  [0m] Created slice User and Session Slice.
[[0;32m  OK  [0m] Reached target Slices.
[[0;32m  OK  [0m] Listening on Journal Socket (/dev/log).
[[0;32m  OK  [0m] Listening on udev Kernel Socket.
[[0;32m  OK  [0m] Listening on Journal Socket.
         Starting Load Kernel Modules...
         Mounting POSIX Message Queue File System...
         Mounting Kernel Debug File System...
         Starting Create list of required st…ce nodes for the current kernel...
         Starting Remount Root and Kernel File Systems...
[[0;32m  OK  [0m] Started Forward Password Requests to Wall Directory Watch.
         Mounting Huge Pages File System...
[[0;32m  OK  [0m] Listening on LVM2 metadata daemon socket.
         Starting Monitoring of LVM2 mirrors…ng dmeventd or progress polling...
[[0;32m  OK  [0m] Listening on Network Service Netlink Socket.
[[0;32m  OK  [0m] Reached target Swap.
[[0;32m  OK  [0m] Listening on Syslog Socket.
         Starting Uncomplicated firewall...
[[0;32m  OK  [0m] Reached target User and Group Name Lookups.
[[0;32m  OK  [0m] Listening on Journal Audit Socket.
[[0;32m  OK  [0m] Listening on udev Control Socket.
         Starting udev Coldplug all Devices...
         Starting Journal Service...
[[0;32m  OK  [0m] Reached target System Time S[   14.268073] Loading iSCSI transport class v2.0-870.
ynchronized.
         Starting Set the console keyboard layou[   14.323961] EXT4-fs (sda1): re-mounted. Opts: (null)
t...
[[0;32m  OK  [0m] Mounted POSIX Message Queue File System.
[[0;32m  OK  [0m] Mounted Kernel Debug File System.
[[0;32m  OK  [0m] Started Create list of required sta…vice nodes for the current kernel.
[[0;32m  OK  [0m] Started Remount Root and Kernel File Systems.
[[0;32m  OK  [0m] Mounted Huge Pages File System.
[[0;32m  OK  [0m] Started Uncomplicated firewall.
[[0;32m  OK  [0m] Started LVM2 metadata daemon.
[   14.387847] iscsi: registered transport (tcp)
         Starting Load/Save Random Seed...
         Starting Create Static Device Nodes in /dev...
[[0;32m  OK  [0m] Started udev Coldplug all Devices.
[[0;32m  OK  [0m] Started Journal Service.
         Starting Flush Journal to Persistent Storage...
[[0;32m  OK  [0m] Started Monit[   14.489786] iscsi: registered transport (iser)
oring of LVM2 mirrors,…sing dmeventd or progress polling.
[[0;32m  OK  [0m] Started Load/Save Random Seed.
[[0;32m  OK  [0m] Started Load Kernel Modules.
         Starting Apply Kernel Variables...
         Mounting FUSE Control File System...
         Mounting Kernel Configuration File System...
[[0;32m  OK  [0m] Started Create Static Device Nodes in /dev.
[[0;32m  OK  [0m] Mounted FUSE Control File System.
         Starting udev Kernel Device Manager...
[[0;32m  OK  [0m] Mounted Kernel Configuration File System.
[[0;32m  OK  [0m] Started Apply Kernel Variables.
[[0;32m  OK  [0m] Started udev Kernel Device Manager.
[[0;32m  OK  [0m] Started Set the console keyboard layout.
[[0;32m  OK  [0m] Started Flush Journal to Persistent Storage.
[[0;32m  OK  [0m] Reached target Local File Systems (Pre).
[[0;32m  OK  [0m] Reached target Local File Systems.
         Starting Create Volatile Files and Directories...
         Starting AppArmor initialization...
         Starting ebtables ruleset management...
         Starting Tell Plymouth To Write Out Runtime Data...
         Starting Commit a transient machine-id on disk...
         Starting Set console font and keymap...
[[0;32m  OK  [0m] Started Dispatch Password Requests to Console Directory Watch.
[[0;32m  OK  [0m] Reached target Local Encrypted Volumes.
[[0;32m  OK  [0m] Found device /dev/ttyS0.
[[0;32m  OK  [0m] Started Create Volatile Files and Directories.
[[0;32m  OK  [0m] Started Tell Plymouth To Write Out Runtime Data.
[[0;32m  OK  [0m] Started Set console font and keymap.
         Starting Update UTMP about System Boot/Shutdown...
[[0;32m  OK  [0m] Started Commit a transient machine-id on disk.
[[0;32m  OK  [0m] Started Update UTMP about System Boot/Shutdown.
[[0;32m  OK  [0m] Listening on Load/Save RF Kill Switch Status /dev/rfkill Watch.
[[0;32m  OK  [0m] Started ebtables ruleset management.
[[0;32m  OK  [0m] Started AppArmor initialization.
         Starting Initial cloud-init job (pre-networking)...
[   16.292129] cloud-init[551]: Cloud-init v. 19.4-33-gbb4131a2-0ubuntu1~18.04.1 running 'init-local' at Mon, 30 Mar 2020 16:14:48 +0000. Up 16.03 seconds.
[[0;32m  OK  [0m] Started Initial cloud-init job (pre-networking).
[[0;32m  OK  [0m] Reached target Network (Pre).
         Starting Network Service...
[[0;32m  OK  [0m] Started Network Service.
         Starting Wait for Network to be Configured...
         Starting Network Name Resolution...
[[0;32m  OK  [0m] Started Network Name Resolution.
[[0;32m  OK  [0m] Reached target Network.
[[0;32m  OK  [0m] Reached target Host and Network Name Lookups.
[[0;32m  OK  [0m] Started Wait for Network to be Configured.
         Starting Initial cloud-init job (metadata service crawler)...
[   17.859315] cloud-init[664]: Cloud-init v. 19.4-33-gbb4131a2-0ubuntu1~18.04.1 running 'init' at Mon, 30 Mar 2020 16:14:50 +0000. Up 17.75 seconds.
[   17.862160] cloud-init[664]: ci-info: ++++++++++++++++++++++++++++++++++++++Net device info+++++++++++++++++++++++++++++++++++++++
[   17.865445] cloud-init[664]: ci-info: +--------+-------+----------------------------+---------------+--------+-------------------+
[   17.867421] cloud-init[664]: ci-info: | Device |   Up  |          Address           |      Mask     | Scope  |     Hw-Address    |
[   17.886136] cloud-init[664]: ci-info: +--------+-------+----------------------------+---------------+--------+-------------------+
[   17.887698] cloud-init[664]: ci-info: | enp0s3 |  True |         10.0.2.15          | 255.255.255.0 | global | 02:39:67:45:9c:e6 |
[   17.900251] cloud-init[664]: ci-info: | enp0s3 |  True | fe80::39:67ff:fe45:9ce6/64 |       .       |  link  | 02:39:67:45:9c:e6 |
[   17.901588] cloud-init[664]: ci-info: | enp0s8 | False |             .              |       .       |   .    | 08:00:27:9e:f1:e0 |
[   17.903793] cloud-init[664]: ci-info: |   lo   |  True |         127.0.0.1          |   255.0.0.0   |  host  |         .         |
[   17.905052] cloud-init[664]: ci-info: |   lo   |  True |          ::1/128           |       .       |  host  |         .         |
[   17.906286] cloud-init[664]: ci-info: +--------+-------+----------------------------+---------------+--------+-------------------+
[   17.907478] cloud-init[664]: ci-info: ++++++++++++++++++++++++++++Route IPv4 info+++++++++++++++++++++++++++++
[   17.908702] cloud-init[664]: ci-info: +-------+-------------+----------+-----------------+-----------+-------+
[   17.909921] cloud-init[664]: ci-info: | Route | Destination | Gateway  |     Genmask     | Interface | Flags |
[   17.911178] cloud-init[664]: ci-info: +-------+-------------+----------+-----------------+-----------+-------+
[   17.918501] cloud-init[664]: ci-info: |   0   |   0.0.0.0   | 10.0.2.2 |     0.0.0.0     |   enp0s3  |   UG  |
[   17.919476] cloud-init[664]: ci-info: |   1   |   10.0.2.0  | 0.0.0.0  |  255.255.255.0  |   enp0s3  |   U   |
[   17.920532] cloud-init[664]: ci-info: |   2   |   10.0.2.2  | 0.0.0.0  | 255.255.255.255 |   enp0s3  |   UH  |
[   17.923342] cloud-init[664]: ci-info: +-------+-------------+----------+-----------------+-----------+-------+
[   17.924533] cloud-init[664]: ci-info: +++++++++++++++++++Route IPv6 info+++++++++++++++++++
[   17.925513] cloud-init[664]: ci-info: +-------+-------------+---------+-----------+-------+
[   17.926439] cloud-init[664]: ci-info: | Route | Destination | Gateway | Interface | Flags |
[   17.927362] cloud-init[664]: ci-info: +-------+-------------+---------+-----------+-------+
[   17.928393] cloud-init[664]: ci-info: |   1   |  fe80::/64  |    ::   |   enp0s3  |   U   |
[   17.929363] cloud-init[664]: ci-info: |   3   |    local    |    ::   |   enp0s3  |   U   |
[   17.930294] cloud-init[664]: ci-info: |   4   |   ff00::/8  |    ::   |   enp0s3  |   U   |
[   17.931281] cloud-init[664]: ci-info: +-------+-------------+---------+-----------+-------+
[   18.575099] cloud-init[664]: Generating public/private rsa key pair.
[   18.581353] cloud-init[664]: Your identification has been saved in /etc/ssh/ssh_host_rsa_key.
[   18.582631] cloud-init[664]: Your public key has been saved in /etc/ssh/ssh_host_rsa_key.pub.
[   18.583876] cloud-init[664]: The key fingerprint is:
[   18.584798] cloud-init[664]: SHA256:k4reZCjmiLOqWaPf07WCegPuilOemcdy+QO5Owrllw8 root@ubuntu-bionic
[   18.586013] cloud-init[664]: The key's randomart image is:
[   18.586934] cloud-init[664]: +---[RSA 2048]----+
[   18.587767] cloud-init[664]: |                 |
[   18.588588] cloud-init[664]: |                 |
[   18.589450] cloud-init[664]: |                 |
[   18.590419] cloud-init[664]: |         .       |
[   18.598515] cloud-init[664]: |  .  .  S        |
[   18.603488] cloud-init[664]: | oo o+ ...       |
[   18.604383] cloud-init[664]: |.+**E*+. .       |
[   18.605238] cloud-init[664]: |=OB*%*+ .        |
[   18.606075] cloud-init[664]: |&B*B+*+o         |
[   18.606909] cloud-init[664]: +----[SHA256]-----+
[   18.607745] cloud-init[664]: Generating public/private dsa key pair.
[   18.608780] cloud-init[664]: Your identification has been saved in /etc/ssh/ssh_host_dsa_key.
[   18.609983] cloud-init[664]: Your public key has been saved in /etc/ssh/ssh_host_dsa_key.pub.
[   18.611178] cloud-init[664]: The key fingerprint is:
[   18.612143] cloud-init[664]: SHA256:lleAXRjAeeeBK1f2D1YeMHUfdHYi/5VJQ0U/i6gIxb8 root@ubuntu-bionic
[   18.613561] cloud-init[664]: The key's randomart image is:
[   18.614701] cloud-init[664]: +---[DSA 1024]----+
[   18.615706] cloud-init[664]: |       ..=o=oo*OO|
[   18.616655] [[0;32m  OK  [0m] Started Initial cloud-init job (metadata service crawler).
[[0;32m  OK  [0m] Reached target System Initialization.
[[0;32m  OK  [0m] Started Discard unused blocks once a week.
[[0;32m  OK  [0m] Started Daily apt download activities.
[[0;32m  OK  [0m] Started Message of the Day.
         Starting Socket activation for snappy daemon.
cloud-init         Starting LXD - unix socket.
[[0;32m  OK  [0m] Started Daily Cleanup of Temporary Directories.
[[0;32m  OK  [0m] Listening on ACPID Listen Socket.
[[0;32m  OK  [0m] Started ACPI Events Check.
[[0;32m  OK  [0m] Reached target Paths.
[[0;32m  OK  [0m] Listening on D-Bus System Message Bus Socket.
[[0;32m  OK  [0m] Listening on UUID daemon activation socket.
[[0;32m  OK  [0m] Listening on Open-iSCSI iscsid Socket.
[[0;32m  OK  [0m] Started Daily apt upgrade and clean activities.
[[0;32m  OK  [0m] Reached target Timers.
[[0;32m  OK  [0m] Reached target Cloud-config availability.
[[0;32m  OK  [0m] Reached target Network is Online.
[664]: |      . + =.=oo+%|
         Starting Availability of block devices...
[   18.635030] [[0;32m  OK  [0m] Reached target Remote File Systems (Pre).
[[0;32m  OK  [0m] Reached target Remote File Systems.
[[0;32m  OK  [0m] Listening on Socket activation for snappy daemon.
[[0;32m  OK  [0m] Listening on LXD - unix socket.
[[0;32m  OK  [0m] Started Availability of block devices.
[[0;32m  OK  [0m] Reached target Sockets.
[[0;32m  OK  [0m] Reached target Basic System.
cloud-init[664]: |       o . *.o.*=|
[   18.638693] [[0;32m  OK  [0m] Started Regular background program processing daemon.
cloud-init[664]: |      . o.o.o =.=|[[0;32m  OK  [0m] Started D-Bus System Message Bus.

[   18.641558] cloud-init[664]: |     .  S+.. o +.|
[   18.654153] cloud-init[664]: |      ....o     .|
[   18.655359] cloud-init[664]: |       . E       |
[[0;32m  OK  [0m] Started FUSE filesystem for LXC.
[   18.669266] cloud-init[664]: |                 |
[   18.680314] cloud-init[664]: |                 |
[   18.681098] cloud-init[664]: +----[SHA256]-----+
         Starting Pollinate to seed the pseudo random number generator...
[   18.689303] cloud-init[664]: Generating public/private ecdsa key pair.
[[0;32m  OK  [0m] Started Deferred execution scheduler.
[   18.701466] cloud-init[664]: Your identification has been saved in /etc/ssh/ssh_host_ecdsa_key.         Starting LSB: automatic crash report generation...

         Starting Accounts Service...
[   18.709755] cloud-init[664]: Your public key has been saved in /etc/ssh/ssh_host_ecdsa_key.pub.         Starting Virtualbox guest utils...

[   18.711556]          Starting LXD - container startup/shutdown...
cloud-init[664]: The key fingerprint is:
         Starting Snappy daemon...
[   18.744670] cloud-init[664]: SHA256:NYZ+dN1idWfVn8yfo3hPr3y5cfDkAeLKHeaQgEit3aY root@ubuntu-bionic
[   18.774202] cloud-init[664]: The key's randomart image is:
[   18.775214] cloud-init[664]: +---[ECDSA 256]---+
[   18.786858] cloud-init[664]: |   ..           O|
[   18.787872] cloud-init[664]: |  . ...  .   . ++|
[   18.788859] cloud-init[664]: |   .o.... =...* +|
[   18.789777] cloud-init[664]: |   . . +.+oo...=.|
[   18.790710] cloud-init[664]: |      o So.+  ..+|
         Starting Dispatcher daemon for systemd-networkd...
[   18.800751] cloud-init[664]: |     E  ..* .  Bo|         Starting LSB: Record successful boot for GRUB...
         Starting Permit User Sessions...
         Starting System Logging Service...

[   18.804884] cloud-init[664]: |         o o. .o*|
[   18.805942] cloud-init[664]: |           . +..=|[[0;32m  OK  [0m] Started irqbalance daemon.
         Starting Login Service...

[   18.815304] cloud-init[664]: |            . +=o|
[   18.816397] cloud-init[664]: +----[SHA256]-----+
[   18.817607] cloud-init[664]: Generating public/private ed25519 key pair.
[   18.818757] cloud-init[664]: Your identification has been saved in /etc/ssh/ssh_host_ed25519_key.
[   18.820152] cloud-init[664]: Your public key has been saved in /etc/ssh/ssh_host_ed25519_key.pub.
[   18.822163] cloud-init[664]: The key fingerprint is:
[   18.824284] cloud-init[664]: SHA256:ecbczl7TZl/o6sOPtCP9mbZFjAJ+A8qLezt+5tlaDxs root@ubuntu-bionic
[   18.827764] cloud-init[664]: The key's randomart image is:
[   18.829398] cloud-init[664]: +--[ED25519 256]--+
[   18.830968] cloud-init[664]: |                 |
[   18.834111] cloud-init[664]: |                 |
[   18.835262] cloud-init[664]: |          o      |
[   18.836459] cloud-init[664]: |       . * +   o |
[   18.837740] cloud-init[664]: |        S * = . o|
[   18.839206] cloud-init[664]: |       . + + o + |
[   18.840407] cloud-init[664]: |      . .  oE + *|
[   18.856793] cloud-init[664]: |       .o +*=X.Bo|
[   18.857956] cloud-init[664]: |      .oo*++OBO..|
[   18.858708] cloud-init[664]: +----[SHA256]-----+
[[0;32m  OK  [0m] Started System Logging Service.
[[0;32m  OK  [0m] Started Permit User Sessions.
         Starting Terminate Plymouth Boot Screen...
         Starting Hold until boot process finishes up...
         Starting Authorization Manager...
[[0;32m  OK  [0m] Started Terminate Plymouth Boot Screen.
[[0;32m  OK  [0m] Started Hold until boot process finishes up.
[[0;32m  OK  [0m] Started Serial Getty on ttyS0.
         Starting Set console scheme...
[[0;32m  OK  [0m] Started Login Service.
[[0;32m  OK  [0m] Started Unattended Upgrades Shutdown.
[[0;32m  OK  [0m] Started LSB: automatic crash report generation.
[[0;32m  OK  [0m] Started Authorization Manager.
[[0;32m  OK  [0m] Started Accounts Service.
[[0;32m  OK  [0m] Started Set console scheme.
[[0;32m  OK  [0m] Created slice system-getty.slice.
[[0;32m  OK  [0m] Started Getty on tty1.
[[0;32m  OK  [0m] Reached target Login Prompts.
[[0;32m  OK  [0m] Started LSB: Record successful boot for GRUB.
[[0;32m  OK  [0m] Started Virtualbox guest utils.
[[0;32m  OK  [0m] Started LXD - container startup/shutdown.
[[0;32m  OK  [0m] Started Dispatcher daemon for systemd-networkd.
[[0;32m  OK  [0m] Started Snappy daemon.
         Starting Wait until snapd is fully seeded...
[[0;32m  OK  [0m] Started Pollinate to seed the pseudo random number generator.
         Starting OpenBSD Secure Shell server...
[[0;32m  OK  [0m] Started OpenBSD Secure Shell server.
[[0;32m  OK  [0m] Created slice User Slice of vagrant.
         Starting User Manager for UID 1000...
[[0;32m  OK  [0m] Started Session 1 of user vagrant.
[[0;32m  OK  [0m] Started User Manager for UID 1000.
[[0;32m  OK  [0m] Started Wait until snapd is fully seeded.
         Starting Apply the settings specified in cloud-config...
[[0;32m  OK  [0m] Reached target Multi-User System.
[[0;32m  OK  [0m] Reached target Graphical Interface.
         Starting Update UTMP about System Runlevel Changes...
[[0;32m  OK  [0m] Started Update UTMP about System Runlevel Changes.
[   24.348260] cloud-init[1384]: Cloud-init v. 19.4-33-gbb4131a2-0ubuntu1~18.04.1 running 'modules:config' at Mon, 30 Mar 2020 16:14:55 +0000. Up 22.93 seconds.
ci-info: no authorized SSH keys fingerprints found for user ubuntu.
<14>Mar 30 16:14:57 ec2: 
<14>Mar 30 16:14:57 ec2: #############################################################
<14>Mar 30 16:14:57 ec2: -----BEGIN SSH HOST KEY FINGERPRINTS-----
<14>Mar 30 16:14:57 ec2: 1024 SHA256:lleAXRjAeeeBK1f2D1YeMHUfdHYi/5VJQ0U/i6gIxb8 root@ubuntu-bionic (DSA)
<14>Mar 30 16:14:57 ec2: 256 SHA256:NYZ+dN1idWfVn8yfo3hPr3y5cfDkAeLKHeaQgEit3aY root@ubuntu-bionic (ECDSA)
<14>Mar 30 16:14:57 ec2: 256 SHA256:ecbczl7TZl/o6sOPtCP9mbZFjAJ+A8qLezt+5tlaDxs root@ubuntu-bionic (ED25519)
<14>Mar 30 16:14:57 ec2: 2048 SHA256:k4reZCjmiLOqWaPf07WCegPuilOemcdy+QO5Owrllw8 root@ubuntu-bionic (RSA)
<14>Mar 30 16:14:57 ec2: -----END SSH HOST KEY FINGERPRINTS-----
<14>Mar 30 16:14:57 ec2: #############################################################
-----BEGIN SSH HOST KEY KEYS-----
ecdsa-sha2-nistp256 AAAAE2VjZHNhLXNoYTItbmlzdHAyNTYAAAAIbmlzdHAyNTYAAABBBOe+Jw52mFS3dwvmBde02xxO3h0EIBON/AwA+AIWVyRCAMr6ojIqRXeLopsRNgRNBilDW8bOSJFe+1ZYShLMpYA= root@ubuntu-bionic
ssh-ed25519 AAAAC3NzaC1lZDI1NTE5AAAAIIOvm0mOsitJlTuje8Ksq6a2TFm1so8Meyoi37lVJIFR root@ubuntu-bionic
ssh-rsa AAAAB3NzaC1yc2EAAAADAQABAAABAQC5YZKGz8uYUokSsLC91b9qh5pg6ensG1/fWAJ5QRkEcIzofAvKC1cNdTrMgUu1b6ySaTEU2S7JdMjjtRDOQZp/5Y8BgUWue9nugKBaxmg1tPGgtU2utuPBnkcaRmRNabXgWAzVlyyXyxX9qHZffLpkgdITWsoczptwMfohcllyOh1QMYtbV1qd7OGssGRZ4m9ZV1KysTPOqmOjmPvrVjslouOJRzqlLFuidYwMPcJ/kG9Uv6m5e9tjSdjUp/NvCUesCEQzJPAqTALt72ZuicP6wBHbkzPRR8J7gg9c7qkO0MlL9uRctyCnaX7wdE4IoeblAOtijA9O2cvtWx7iWXXT root@ubuntu-bionic
-----END SSH HOST KEY KEYS-----
[   24.751543] cloud-init[1565]: Cloud-init v. 19.4-33-gbb4131a2-0ubuntu1~18.04.1 running 'modules:final' at Mon, 30 Mar 2020 16:14:57 +0000. Up 24.64 seconds.
[   24.751760] cloud-init[1565]: ci-info: no authorized SSH keys fingerprints found for user ubuntu.
[   24.751871] cloud-init[1565]: Cloud-init v. 19.4-33-gbb4131a2-0ubuntu1~18.04.1 finished at Mon, 30 Mar 2020 16:14:57 +0000. Datasource DataSourceNoCloud [seed=/dev/sdb][dsmode=net].  Up 24.74 seconds

Ubuntu 18.04.4 LTS ubuntu-bionic ttyS0

ubuntu-bionic login: 